Release 14.7 - xst P.20131013 (lin64)
Copyright (c) 1995-2013 Xilinx, Inc.  All rights reserved.
--> 
Parameter TMPDIR set to xst/projnav.tmp


Total REAL time to Xst completion: 1.00 secs
Total CPU time to Xst completion: 0.10 secs
 
--> 
Parameter xsthdpdir set to xst


Total REAL time to Xst completion: 1.00 secs
Total CPU time to Xst completion: 0.10 secs
 
--> 
Reading design: spi.prj

TABLE OF CONTENTS
  1) Synthesis Options Summary
  2) HDL Parsing
  3) HDL Elaboration
  4) HDL Synthesis
       4.1) HDL Synthesis Report
  5) Advanced HDL Synthesis
       5.1) Advanced HDL Synthesis Report
  6) Low Level Synthesis
  7) Partition Report
  8) Design Summary
       8.1) Primitive and Black Box Usage
       8.2) Device utilization summary
       8.3) Partition Resource Summary
       8.4) Timing Report
            8.4.1) Clock Information
            8.4.2) Asynchronous Control Signals Information
            8.4.3) Timing Summary
            8.4.4) Timing Details
            8.4.5) Cross Clock Domains Report


=========================================================================
*                      Synthesis Options Summary                        *
=========================================================================
---- Source Parameters
Input File Name                    : "spi.prj"
Ignore Synthesis Constraint File   : NO

---- Target Parameters
Output File Name                   : "spi"
Output Format                      : NGC
Target Device                      : xc7a100t-3-csg324

---- Source Options
Top Module Name                    : spi
Automatic FSM Extraction           : YES
FSM Encoding Algorithm             : Auto
Safe Implementation                : No
FSM Style                          : LUT
RAM Extraction                     : Yes
RAM Style                          : Auto
ROM Extraction                     : Yes
Shift Register Extraction          : YES
ROM Style                          : Auto
Resource Sharing                   : YES
Asynchronous To Synchronous        : NO
Shift Register Minimum Size        : 2
Use DSP Block                      : Auto
Automatic Register Balancing       : No

---- Target Options
LUT Combining                      : Auto
Reduce Control Sets                : Auto
Add IO Buffers                     : YES
Global Maximum Fanout              : 100000
Add Generic Clock Buffer(BUFG)     : 32
Register Duplication               : YES
Optimize Instantiated Primitives   : NO
Use Clock Enable                   : Auto
Use Synchronous Set                : Auto
Use Synchronous Reset              : Auto
Pack IO Registers into IOBs        : Auto
Equivalent register Removal        : YES

---- General Options
Optimization Goal                  : Speed
Optimization Effort                : 1
Power Reduction                    : NO
Keep Hierarchy                     : No
Netlist Hierarchy                  : As_Optimized
RTL Output                         : Yes
Global Optimization                : AllClockNets
Read Cores                         : YES
Write Timing Constraints           : NO
Cross Clock Analysis               : NO
Hierarchy Separator                : /
Bus Delimiter                      : <>
Case Specifier                     : Maintain
Slice Utilization Ratio            : 100
BRAM Utilization Ratio             : 100
DSP48 Utilization Ratio            : 100
Auto BRAM Packing                  : NO
Slice Utilization Ratio Delta      : 5

=========================================================================


=========================================================================
*                          HDL Parsing                                  *
=========================================================================
Analyzing Verilog file "/home/yolo/fpga/spilol/spi.v" into library work
Parsing module <spi>.

=========================================================================
*                            HDL Elaboration                            *
=========================================================================

Elaborating module <spi>.
WARNING:HDLCompiler:413 - "/home/yolo/fpga/spilol/spi.v" Line 40: Result of 32-bit expression is truncated to fit in 8-bit target.

=========================================================================
*                           HDL Synthesis                               *
=========================================================================

Synthesizing Unit <spi>.
    Related source file is "/home/yolo/fpga/spilol/spi.v".
WARNING:Xst:647 - Input <rst> is never used. This port will be preserved and left unconnected if it belongs to a top-level block or it belongs to a sub-block and the hierarchy of this sub-block is preserved.
    Found 1-bit register for signal <ss>.
    Found 8-bit register for signal <state>.
    Found 8-bit register for signal <data_in_reg>.
    Found 1-bit register for signal <mosi>.
    Found 1-bit register for signal <data_out<7>>.
    Found 1-bit register for signal <data_out<6>>.
    Found 1-bit register for signal <data_out<5>>.
    Found 1-bit register for signal <data_out<4>>.
    Found 1-bit register for signal <data_out<3>>.
    Found 1-bit register for signal <data_out<2>>.
    Found 1-bit register for signal <data_out<1>>.
    Found 1-bit register for signal <data_out<0>>.
    Found 8-bit register for signal <counter>.
    Found finite state machine <FSM_0> for signal <state>.
    -----------------------------------------------------------------------
    | States             | 2                                              |
    | Transitions        | 4                                              |
    | Inputs             | 3                                              |
    | Outputs            | 2                                              |
    | Clock              | sclk (rising_edge)                             |
    | Power Up State     | 00000000                                       |
    | Encoding           | auto                                           |
    | Implementation     | LUT                                            |
    -----------------------------------------------------------------------
    Found 8-bit subtractor for signal <GND_1_o_GND_1_o_sub_9_OUT<7:0>> created at line 40.
    Found 1-bit 8-to-1 multiplexer for signal <counter[2]_data_in_reg[7]_Mux_4_o> created at line 35.
    Found 8-bit comparator lessequal for signal <n0006> created at line 36
    Summary:
	inferred   1 Adder/Subtractor(s).
	inferred  26 D-type flip-flop(s).
	inferred   1 Comparator(s).
	inferred  14 Multiplexer(s).
	inferred   1 Finite State Machine(s).
Unit <spi> synthesized.

=========================================================================
HDL Synthesis Report

Macro Statistics
# Adders/Subtractors                                   : 1
 8-bit subtractor                                      : 1
# Registers                                            : 5
 1-bit register                                        : 2
 8-bit register                                        : 3
# Comparators                                          : 1
 8-bit comparator lessequal                            : 1
# Multiplexers                                         : 14
 1-bit 2-to-1 multiplexer                              : 10
 1-bit 8-to-1 multiplexer                              : 1
 8-bit 2-to-1 multiplexer                              : 3
# FSMs                                                 : 1

=========================================================================

=========================================================================
*                       Advanced HDL Synthesis                          *
=========================================================================


=========================================================================
Advanced HDL Synthesis Report

Macro Statistics
# Adders/Subtractors                                   : 1
 8-bit subtractor                                      : 1
# Registers                                            : 26
 Flip-Flops                                            : 26
# Comparators                                          : 1
 8-bit comparator lessequal                            : 1
# Multiplexers                                         : 14
 1-bit 2-to-1 multiplexer                              : 10
 1-bit 8-to-1 multiplexer                              : 1
 8-bit 2-to-1 multiplexer                              : 3
# FSMs                                                 : 1

=========================================================================

=========================================================================
*                         Low Level Synthesis                           *
=========================================================================
Analyzing FSM <MFsm> for best encoding.
Optimizing FSM <FSM_0> on signal <state[1:1]> with sequential encoding.
----------------------
 State    | Encoding
----------------------
 00000000 | 0
 00000001 | 1
----------------------

Optimizing unit <spi> ...
WARNING:Xst:1710 - FF/Latch <counter_3> (without init value) has a constant value of 0 in block <spi>. This FF/Latch will be trimmed during the optimization process.
WARNING:Xst:1895 - Due to other FF/Latch trimming, FF/Latch <counter_4> (without init value) has a constant value of 0 in block <spi>. This FF/Latch will be trimmed during the optimization process.
WARNING:Xst:1895 - Due to other FF/Latch trimming, FF/Latch <counter_5> (without init value) has a constant value of 0 in block <spi>. This FF/Latch will be trimmed during the optimization process.
WARNING:Xst:1895 - Due to other FF/Latch trimming, FF/Latch <counter_6> (without init value) has a constant value of 0 in block <spi>. This FF/Latch will be trimmed during the optimization process.
WARNING:Xst:1895 - Due to other FF/Latch trimming, FF/Latch <counter_7> (without init value) has a constant value of 0 in block <spi>. This FF/Latch will be trimmed during the optimization process.

Mapping all equations...
Building and optimizing final netlist ...
Found area constraint ratio of 100 (+ 5) on block spi, actual ratio is 0.

Final Macro Processing ...

=========================================================================
Final Register Report

Macro Statistics
# Registers                                            : 22
 Flip-Flops                                            : 22

=========================================================================

=========================================================================
*                           Partition Report                            *
=========================================================================

Partition Implementation Status
-------------------------------

  No Partitions were found in this design.

-------------------------------

=========================================================================
*                            Design Summary                             *
=========================================================================

Top Level Output File Name         : spi.ngc

Primitive and Black Box Usage:
------------------------------
# BELS                             : 25
#      INV                         : 1
#      LUT3                        : 8
#      LUT5                        : 5
#      LUT6                        : 11
# FlipFlops/Latches                : 22
#      FD                          : 14
#      FDE                         : 8
# Clock Buffers                    : 1
#      BUFG                        : 1
# IO Buffers                       : 22
#      IBUF                        : 11
#      OBUF                        : 11

Device utilization summary:
---------------------------

Selected Device : 7a100tcsg324-3 


Slice Logic Utilization: 
 Number of Slice Registers:              22  out of  126800     0%  
 Number of Slice LUTs:                   25  out of  63400     0%  
    Number used as Logic:                25  out of  63400     0%  

Slice Logic Distribution: 
 Number of LUT Flip Flop pairs used:     25
   Number with an unused Flip Flop:       3  out of     25    12%  
   Number with an unused LUT:             0  out of     25     0%  
   Number of fully used LUT-FF pairs:    22  out of     25    88%  
   Number of unique control sets:         2

IO Utilization: 
 Number of IOs:                          23
 Number of bonded IOBs:                  22  out of    210    10%  

Specific Feature Utilization:
 Number of BUFG/BUFGCTRLs:                1  out of     32     3%  

---------------------------
Partition Resource Summary:
---------------------------

  No Partitions were found in this design.

---------------------------


=========================================================================
Timing Report

NOTE: THESE TIMING NUMBERS ARE ONLY A SYNTHESIS ESTIMATE.
      FOR ACCURATE TIMING INFORMATION PLEASE REFER TO THE TRACE REPORT
      GENERATED AFTER PLACE-and-ROUTE.

Clock Information:
------------------
-----------------------------------+------------------------+-------+
Clock Signal                       | Clock buffer(FF name)  | Load  |
-----------------------------------+------------------------+-------+
clk                                | IBUF+BUFG              | 22    |
-----------------------------------+------------------------+-------+

Asynchronous Control Signals Information:
----------------------------------------
No asynchronous control signals found in this design

Timing Summary:
---------------
Speed Grade: -3

   Minimum period: 1.640ns (Maximum Frequency: 609.830MHz)
   Minimum input arrival time before clock: 0.718ns
   Maximum output required time after clock: 0.645ns
   Maximum combinational path delay: 0.280ns

Timing Details:
---------------
All values displayed in nanoseconds (ns)

=========================================================================
Timing constraint: Default period analysis for Clock 'clk'
  Clock period: 1.640ns (frequency: 609.830MHz)
  Total number of paths / destination ports: 92 / 30
-------------------------------------------------------------------------
Delay:               1.640ns (Levels of Logic = 2)
  Source:            data_in_reg_4 (FF)
  Destination:       mosi (FF)
  Source Clock:      clk rising
  Destination Clock: clk rising

  Data Path: data_in_reg_4 to mosi
                                Gate     Net
    Cell:in->out      fanout   Delay   Delay  Logical Name (Net Name)
    ----------------------------------------  ------------
     FDE:C->Q              2   0.361   0.697  data_in_reg_4 (data_in_reg_4)
     LUT6:I0->O            1   0.097   0.379  Mmux_counter[2]_data_in_reg[7]_Mux_4_o_3 (Mmux_counter[2]_data_in_reg[7]_Mux_4_o_3)
     LUT5:I3->O            1   0.097   0.000  mosi_rstpot (mosi_rstpot)
     FD:D                      0.008          mosi
    ----------------------------------------
    Total                      1.640ns (0.563ns logic, 1.077ns route)
                                       (34.3% logic, 65.7% route)

=========================================================================
Timing constraint: Default OFFSET IN BEFORE for Clock 'clk'
  Total number of paths / destination ports: 29 / 21
-------------------------------------------------------------------------
Offset:              0.718ns (Levels of Logic = 2)
  Source:            ready_send (PAD)
  Destination:       ss (FF)
  Destination Clock: clk rising

  Data Path: ready_send to ss
                                Gate     Net
    Cell:in->out      fanout   Delay   Delay  Logical Name (Net Name)
    ----------------------------------------  ------------
     IBUF:I->O            13   0.001   0.612  ready_send_IBUF (ready_send_IBUF)
     LUT6:I2->O            1   0.097   0.000  state[7]_ss_Select_15_o1 (state[7]_ss_Select_15_o)
     FD:D                      0.008          ss
    ----------------------------------------
    Total                      0.718ns (0.106ns logic, 0.612ns route)
                                       (14.8% logic, 85.2% route)

=========================================================================
Timing constraint: Default OFFSET OUT AFTER for Clock 'clk'
  Total number of paths / destination ports: 10 / 10
-------------------------------------------------------------------------
Offset:              0.645ns (Levels of Logic = 1)
  Source:            data_out_7 (FF)
  Destination:       data_out<7> (PAD)
  Source Clock:      clk rising

  Data Path: data_out_7 to data_out<7>
                                Gate     Net
    Cell:in->out      fanout   Delay   Delay  Logical Name (Net Name)
    ----------------------------------------  ------------
     FD:C->Q               2   0.361   0.283  data_out_7 (data_out_7)
     OBUF:I->O                 0.000          data_out_7_OBUF (data_out<7>)
    ----------------------------------------
    Total                      0.645ns (0.361ns logic, 0.283ns route)
                                       (56.0% logic, 44.0% route)

=========================================================================
Timing constraint: Default path analysis
  Total number of paths / destination ports: 1 / 1
-------------------------------------------------------------------------
Delay:               0.280ns (Levels of Logic = 2)
  Source:            clk (PAD)
  Destination:       sclk (PAD)

  Data Path: clk to sclk
                                Gate     Net
    Cell:in->out      fanout   Delay   Delay  Logical Name (Net Name)
    ----------------------------------------  ------------
     IBUF:I->O             1   0.001   0.279  clk_IBUF (sclk_OBUF)
     OBUF:I->O                 0.000          sclk_OBUF (sclk)
    ----------------------------------------
    Total                      0.280ns (0.001ns logic, 0.279ns route)
                                       (0.4% logic, 99.6% route)

=========================================================================

Cross Clock Domains Report:
--------------------------

Clock to Setup on destination clock clk
---------------+---------+---------+---------+---------+
               | Src:Rise| Src:Fall| Src:Rise| Src:Fall|
Source Clock   |Dest:Rise|Dest:Rise|Dest:Fall|Dest:Fall|
---------------+---------+---------+---------+---------+
clk            |    1.640|         |         |         |
---------------+---------+---------+---------+---------+

=========================================================================


Total REAL time to Xst completion: 15.00 secs
Total CPU time to Xst completion: 9.65 secs
 
--> 


Total memory usage is 505152 kilobytes

Number of errors   :    0 (   0 filtered)
Number of warnings :    7 (   0 filtered)
Number of infos    :    0 (   0 filtered)

